ERROR - 2022-06-20 11:30:56 --> Error connecting to the database: Access denied for user ''@'localhost'
CRITICAL - 2022-06-20 11:30:56 --> Unable to connect to the database.
Main connection [MySQLi]: Access denied for user ''@'localhost'
#0 /home/nofrisdan/Documents/PROJEK/Weny-mhs/vendor/codeigniter4/framework/system/Database/BaseConnection.php(577): CodeIgniter\Database\BaseConnection->initialize()
#1 /home/nofrisdan/Documents/PROJEK/Weny-mhs/vendor/codeigniter4/framework/system/Database/BaseBuilder.php(1455): CodeIgniter\Database\BaseConnection->query()
#2 /home/nofrisdan/Documents/PROJEK/Weny-mhs/vendor/codeigniter4/framework/system/Validation/Rules.php(142): CodeIgniter\Database\BaseBuilder->get()
#3 /home/nofrisdan/Documents/PROJEK/Weny-mhs/vendor/codeigniter4/framework/system/Validation/Validation.php(292): CodeIgniter\Validation\Rules->is_unique()
#4 /home/nofrisdan/Documents/PROJEK/Weny-mhs/vendor/codeigniter4/framework/system/Validation/Validation.php(157): CodeIgniter\Validation\Validation->processRules()
#5 /home/nofrisdan/Documents/PROJEK/Weny-mhs/vendor/codeigniter4/framework/system/Controller.php(160): CodeIgniter\Validation\Validation->run()
#6 /home/nofrisdan/Documents/PROJEK/Weny-mhs/app/Controllers/Admin.php(81): CodeIgniter\Controller->validate()
#7 /home/nofrisdan/Documents/PROJEK/Weny-mhs/vendor/codeigniter4/framework/system/CodeIgniter.php(832): App\Controllers\Admin->tambah_admin()
#8 /home/nofrisdan/Documents/PROJEK/Weny-mhs/vendor/codeigniter4/framework/system/CodeIgniter.php(419): CodeIgniter\CodeIgniter->runController()
#9 /home/nofrisdan/Documents/PROJEK/Weny-mhs/vendor/codeigniter4/framework/system/CodeIgniter.php(326): CodeIgniter\CodeIgniter->handleRequest()
#10 /home/nofrisdan/Documents/PROJEK/Weny-mhs/public/index.php(37): CodeIgniter\CodeIgniter->run()
#11 /home/nofrisdan/Documents/PROJEK/Weny-mhs/vendor/codeigniter4/framework/system/Commands/Server/rewrite.php(43): require_once('...')
#12 {main}
CRITICAL - 2022-06-20 11:39:04 --> explode(): Argument #1 ($separator) cannot be empty
#0 /home/nofrisdan/Documents/PROJEK/Weny-mhs/app/Controllers/Admin.php(111): explode()
#1 /home/nofrisdan/Documents/PROJEK/Weny-mhs/vendor/codeigniter4/framework/system/CodeIgniter.php(832): App\Controllers\Admin->tambah_admin()
#2 /home/nofrisdan/Documents/PROJEK/Weny-mhs/vendor/codeigniter4/framework/system/CodeIgniter.php(419): CodeIgniter\CodeIgniter->runController()
#3 /home/nofrisdan/Documents/PROJEK/Weny-mhs/vendor/codeigniter4/framework/system/CodeIgniter.php(326): CodeIgniter\CodeIgniter->handleRequest()
#4 /home/nofrisdan/Documents/PROJEK/Weny-mhs/public/index.php(37): CodeIgniter\CodeIgniter->run()
#5 /home/nofrisdan/Documents/PROJEK/Weny-mhs/vendor/codeigniter4/framework/system/Commands/Server/rewrite.php(43): require_once('...')
#6 {main}
CRITICAL - 2022-06-20 11:54:50 --> You must set the database table to be used with your query.
#0 /home/nofrisdan/Documents/PROJEK/Weny-mhs/vendor/codeigniter4/framework/system/Model.php(545): CodeIgniter\Database\BaseConnection->table()
#1 /home/nofrisdan/Documents/PROJEK/Weny-mhs/vendor/codeigniter4/framework/system/Model.php(722): CodeIgniter\Model->builder()
#2 /home/nofrisdan/Documents/PROJEK/Weny-mhs/app/Controllers/Admin.php(113): CodeIgniter\Model->__call()
#3 /home/nofrisdan/Documents/PROJEK/Weny-mhs/vendor/codeigniter4/framework/system/CodeIgniter.php(832): App\Controllers\Admin->tambah_admin()
#4 /home/nofrisdan/Documents/PROJEK/Weny-mhs/vendor/codeigniter4/framework/system/CodeIgniter.php(419): CodeIgniter\CodeIgniter->runController()
#5 /home/nofrisdan/Documents/PROJEK/Weny-mhs/vendor/codeigniter4/framework/system/CodeIgniter.php(326): CodeIgniter\CodeIgniter->handleRequest()
#6 /home/nofrisdan/Documents/PROJEK/Weny-mhs/public/index.php(37): CodeIgniter\CodeIgniter->run()
#7 /home/nofrisdan/Documents/PROJEK/Weny-mhs/vendor/codeigniter4/framework/system/Commands/Server/rewrite.php(43): require_once('...')
#8 {main}
CRITICAL - 2022-06-20 11:58:17 --> You must set the database table to be used with your query.
#0 /home/nofrisdan/Documents/PROJEK/Weny-mhs/vendor/codeigniter4/framework/system/Model.php(545): CodeIgniter\Database\BaseConnection->table()
#1 /home/nofrisdan/Documents/PROJEK/Weny-mhs/vendor/codeigniter4/framework/system/Model.php(176): CodeIgniter\Model->builder()
#2 /home/nofrisdan/Documents/PROJEK/Weny-mhs/vendor/codeigniter4/framework/system/BaseModel.php(584): CodeIgniter\Model->doFindAll()
#3 /home/nofrisdan/Documents/PROJEK/Weny-mhs/app/Controllers/Admin.php(165): CodeIgniter\BaseModel->findAll()
#4 /home/nofrisdan/Documents/PROJEK/Weny-mhs/vendor/codeigniter4/framework/system/CodeIgniter.php(832): App\Controllers\Admin->testing()
#5 /home/nofrisdan/Documents/PROJEK/Weny-mhs/vendor/codeigniter4/framework/system/CodeIgniter.php(419): CodeIgniter\CodeIgniter->runController()
#6 /home/nofrisdan/Documents/PROJEK/Weny-mhs/vendor/codeigniter4/framework/system/CodeIgniter.php(326): CodeIgniter\CodeIgniter->handleRequest()
#7 /home/nofrisdan/Documents/PROJEK/Weny-mhs/public/index.php(37): CodeIgniter\CodeIgniter->run()
#8 /home/nofrisdan/Documents/PROJEK/Weny-mhs/vendor/codeigniter4/framework/system/Commands/Server/rewrite.php(43): require_once('...')
#9 {main}
CRITICAL - 2022-06-20 12:16:33 --> Cors filter must have a matching alias defined.
#0 /home/nofrisdan/Documents/PROJEK/Weny-mhs/vendor/codeigniter4/framework/system/Filters/Filters.php(493): CodeIgniter\Filters\Exceptions\FilterException::forNoAlias()
#1 /home/nofrisdan/Documents/PROJEK/Weny-mhs/vendor/codeigniter4/framework/system/Filters/Filters.php(243): CodeIgniter\Filters\Filters->processAliasesToClass()
#2 /home/nofrisdan/Documents/PROJEK/Weny-mhs/vendor/codeigniter4/framework/system/Filters/Filters.php(163): CodeIgniter\Filters\Filters->initialize()
#3 /home/nofrisdan/Documents/PROJEK/Weny-mhs/vendor/codeigniter4/framework/system/CodeIgniter.php(393): CodeIgniter\Filters\Filters->run()
#4 /home/nofrisdan/Documents/PROJEK/Weny-mhs/vendor/codeigniter4/framework/system/CodeIgniter.php(326): CodeIgniter\CodeIgniter->handleRequest()
#5 /home/nofrisdan/Documents/PROJEK/Weny-mhs/public/index.php(37): CodeIgniter\CodeIgniter->run()
#6 /home/nofrisdan/Documents/PROJEK/Weny-mhs/vendor/codeigniter4/framework/system/Commands/Server/rewrite.php(43): require_once('...')
#7 {main}
ERROR - 2022-06-20 12:49:27 --> Unknown column 'pasword' in 'field list'
CRITICAL - 2022-06-20 12:49:27 --> Unknown column 'pasword' in 'field list'
#0 /home/nofrisdan/Documents/PROJEK/Weny-mhs/vendor/codeigniter4/framework/system/Database/MySQLi/Connection.php(292): mysqli->query()
#1 /home/nofrisdan/Documents/PROJEK/Weny-mhs/vendor/codeigniter4/framework/system/Database/BaseConnection.php(670): CodeIgniter\Database\MySQLi\Connection->execute()
#2 /home/nofrisdan/Documents/PROJEK/Weny-mhs/vendor/codeigniter4/framework/system/Database/BaseConnection.php(598): CodeIgniter\Database\BaseConnection->simpleQuery()
#3 /home/nofrisdan/Documents/PROJEK/Weny-mhs/vendor/codeigniter4/framework/system/Database/BaseBuilder.php(1455): CodeIgniter\Database\BaseConnection->query()
#4 /home/nofrisdan/Documents/PROJEK/Weny-mhs/vendor/codeigniter4/framework/system/Model.php(210): CodeIgniter\Database\BaseBuilder->get()
#5 /home/nofrisdan/Documents/PROJEK/Weny-mhs/vendor/codeigniter4/framework/system/BaseModel.php(622): CodeIgniter\Model->doFirst()
#6 /home/nofrisdan/Documents/PROJEK/Weny-mhs/app/Controllers/Admin.php(75): CodeIgniter\BaseModel->first()
#7 /home/nofrisdan/Documents/PROJEK/Weny-mhs/vendor/codeigniter4/framework/system/CodeIgniter.php(832): App\Controllers\Admin->auth_login()
#8 /home/nofrisdan/Documents/PROJEK/Weny-mhs/vendor/codeigniter4/framework/system/CodeIgniter.php(419): CodeIgniter\CodeIgniter->runController()
#9 /home/nofrisdan/Documents/PROJEK/Weny-mhs/vendor/codeigniter4/framework/system/CodeIgniter.php(326): CodeIgniter\CodeIgniter->handleRequest()
#10 /home/nofrisdan/Documents/PROJEK/Weny-mhs/public/index.php(37): CodeIgniter\CodeIgniter->run()
#11 /home/nofrisdan/Documents/PROJEK/Weny-mhs/vendor/codeigniter4/framework/system/Commands/Server/rewrite.php(43): require_once('...')
#12 {main}
CRITICAL - 2022-06-20 15:34:52 --> You must set the database table to be used with your query.
#0 /home/nofrisdan/Documents/PROJEK/Weny-mhs/vendor/codeigniter4/framework/system/Model.php(545): CodeIgniter\Database\BaseConnection->table()
#1 /home/nofrisdan/Documents/PROJEK/Weny-mhs/vendor/codeigniter4/framework/system/Model.php(272): CodeIgniter\Model->builder()
#2 /home/nofrisdan/Documents/PROJEK/Weny-mhs/vendor/codeigniter4/framework/system/BaseModel.php(814): CodeIgniter\Model->doInsertBatch()
#3 /home/nofrisdan/Documents/PROJEK/Weny-mhs/app/Controllers/Admin.php(107): CodeIgniter\BaseModel->insertBatch()
#4 /home/nofrisdan/Documents/PROJEK/Weny-mhs/vendor/codeigniter4/framework/system/CodeIgniter.php(832): App\Controllers\Admin->tambah_data_penyakit()
#5 /home/nofrisdan/Documents/PROJEK/Weny-mhs/vendor/codeigniter4/framework/system/CodeIgniter.php(419): CodeIgniter\CodeIgniter->runController()
#6 /home/nofrisdan/Documents/PROJEK/Weny-mhs/vendor/codeigniter4/framework/system/CodeIgniter.php(326): CodeIgniter\CodeIgniter->handleRequest()
#7 /home/nofrisdan/Documents/PROJEK/Weny-mhs/public/index.php(37): CodeIgniter\CodeIgniter->run()
#8 /home/nofrisdan/Documents/PROJEK/Weny-mhs/vendor/codeigniter4/framework/system/Commands/Server/rewrite.php(43): require_once('...')
#9 {main}
CRITICAL - 2022-06-20 15:45:27 --> Undefined array key "id_penyakit"
#0 /home/nofrisdan/Documents/PROJEK/Weny-mhs/app/Views/Page/Penyakit.php(58): CodeIgniter\Debug\Exceptions->errorHandler()
#1 /home/nofrisdan/Documents/PROJEK/Weny-mhs/vendor/codeigniter4/framework/system/View/View.php(210): include('...')
#2 /home/nofrisdan/Documents/PROJEK/Weny-mhs/vendor/codeigniter4/framework/system/View/View.php(213): CodeIgniter\View\View->CodeIgniter\View\{closure}()
#3 /home/nofrisdan/Documents/PROJEK/Weny-mhs/vendor/codeigniter4/framework/system/Common.php(1089): CodeIgniter\View\View->render()
#4 /home/nofrisdan/Documents/PROJEK/Weny-mhs/app/Controllers/Admin.php(54): view()
#5 /home/nofrisdan/Documents/PROJEK/Weny-mhs/vendor/codeigniter4/framework/system/CodeIgniter.php(832): App\Controllers\Admin->penyakit()
#6 /home/nofrisdan/Documents/PROJEK/Weny-mhs/vendor/codeigniter4/framework/system/CodeIgniter.php(419): CodeIgniter\CodeIgniter->runController()
#7 /home/nofrisdan/Documents/PROJEK/Weny-mhs/vendor/codeigniter4/framework/system/CodeIgniter.php(326): CodeIgniter\CodeIgniter->handleRequest()
#8 /home/nofrisdan/Documents/PROJEK/Weny-mhs/public/index.php(37): CodeIgniter\CodeIgniter->run()
#9 /home/nofrisdan/Documents/PROJEK/Weny-mhs/vendor/codeigniter4/framework/system/Commands/Server/rewrite.php(43): require_once('...')
#10 {main}
CRITICAL - 2022-06-20 16:16:13 --> Too few arguments to function App\Controllers\Admin::get_data_penanganan(), 0 passed in /home/nofrisdan/Documents/PROJEK/Weny-mhs/vendor/codeigniter4/framework/system/CodeIgniter.php on line 832 and exactly 1 expected
#0 /home/nofrisdan/Documents/PROJEK/Weny-mhs/vendor/codeigniter4/framework/system/CodeIgniter.php(832): App\Controllers\Admin->get_data_penanganan()
#1 /home/nofrisdan/Documents/PROJEK/Weny-mhs/vendor/codeigniter4/framework/system/CodeIgniter.php(419): CodeIgniter\CodeIgniter->runController()
#2 /home/nofrisdan/Documents/PROJEK/Weny-mhs/vendor/codeigniter4/framework/system/CodeIgniter.php(326): CodeIgniter\CodeIgniter->handleRequest()
#3 /home/nofrisdan/Documents/PROJEK/Weny-mhs/public/index.php(37): CodeIgniter\CodeIgniter->run()
#4 /home/nofrisdan/Documents/PROJEK/Weny-mhs/vendor/codeigniter4/framework/system/Commands/Server/rewrite.php(43): require_once('...')
#5 {main}
ERROR - 2022-06-20 16:17:16 --> Unknown column 'kd_penanganan' in 'where clause'
CRITICAL - 2022-06-20 16:17:16 --> Unknown column 'kd_penanganan' in 'where clause'
#0 /home/nofrisdan/Documents/PROJEK/Weny-mhs/vendor/codeigniter4/framework/system/Database/MySQLi/Connection.php(292): mysqli->query()
#1 /home/nofrisdan/Documents/PROJEK/Weny-mhs/vendor/codeigniter4/framework/system/Database/BaseConnection.php(670): CodeIgniter\Database\MySQLi\Connection->execute()
#2 /home/nofrisdan/Documents/PROJEK/Weny-mhs/vendor/codeigniter4/framework/system/Database/BaseConnection.php(598): CodeIgniter\Database\BaseConnection->simpleQuery()
#3 /home/nofrisdan/Documents/PROJEK/Weny-mhs/vendor/codeigniter4/framework/system/Database/BaseBuilder.php(1455): CodeIgniter\Database\BaseConnection->query()
#4 /home/nofrisdan/Documents/PROJEK/Weny-mhs/vendor/codeigniter4/framework/system/Model.php(183): CodeIgniter\Database\BaseBuilder->get()
#5 /home/nofrisdan/Documents/PROJEK/Weny-mhs/vendor/codeigniter4/framework/system/BaseModel.php(584): CodeIgniter\Model->doFindAll()
#6 /home/nofrisdan/Documents/PROJEK/Weny-mhs/app/Controllers/Admin.php(141): CodeIgniter\BaseModel->findAll()
#7 /home/nofrisdan/Documents/PROJEK/Weny-mhs/vendor/codeigniter4/framework/system/CodeIgniter.php(832): App\Controllers\Admin->get_data_penanganan()
#8 /home/nofrisdan/Documents/PROJEK/Weny-mhs/vendor/codeigniter4/framework/system/CodeIgniter.php(419): CodeIgniter\CodeIgniter->runController()
#9 /home/nofrisdan/Documents/PROJEK/Weny-mhs/vendor/codeigniter4/framework/system/CodeIgniter.php(326): CodeIgniter\CodeIgniter->handleRequest()
#10 /home/nofrisdan/Documents/PROJEK/Weny-mhs/public/index.php(37): CodeIgniter\CodeIgniter->run()
#11 /home/nofrisdan/Documents/PROJEK/Weny-mhs/vendor/codeigniter4/framework/system/Commands/Server/rewrite.php(43): require_once('...')
#12 {main}
ERROR - 2022-06-20 16:17:17 --> Unknown column 'kd_penanganan' in 'where clause'
CRITICAL - 2022-06-20 16:17:17 --> Unknown column 'kd_penanganan' in 'where clause'
#0 /home/nofrisdan/Documents/PROJEK/Weny-mhs/vendor/codeigniter4/framework/system/Database/MySQLi/Connection.php(292): mysqli->query()
#1 /home/nofrisdan/Documents/PROJEK/Weny-mhs/vendor/codeigniter4/framework/system/Database/BaseConnection.php(670): CodeIgniter\Database\MySQLi\Connection->execute()
#2 /home/nofrisdan/Documents/PROJEK/Weny-mhs/vendor/codeigniter4/framework/system/Database/BaseConnection.php(598): CodeIgniter\Database\BaseConnection->simpleQuery()
#3 /home/nofrisdan/Documents/PROJEK/Weny-mhs/vendor/codeigniter4/framework/system/Database/BaseBuilder.php(1455): CodeIgniter\Database\BaseConnection->query()
#4 /home/nofrisdan/Documents/PROJEK/Weny-mhs/vendor/codeigniter4/framework/system/Model.php(183): CodeIgniter\Database\BaseBuilder->get()
#5 /home/nofrisdan/Documents/PROJEK/Weny-mhs/vendor/codeigniter4/framework/system/BaseModel.php(584): CodeIgniter\Model->doFindAll()
#6 /home/nofrisdan/Documents/PROJEK/Weny-mhs/app/Controllers/Admin.php(141): CodeIgniter\BaseModel->findAll()
#7 /home/nofrisdan/Documents/PROJEK/Weny-mhs/vendor/codeigniter4/framework/system/CodeIgniter.php(832): App\Controllers\Admin->get_data_penanganan()
#8 /home/nofrisdan/Documents/PROJEK/Weny-mhs/vendor/codeigniter4/framework/system/CodeIgniter.php(419): CodeIgniter\CodeIgniter->runController()
#9 /home/nofrisdan/Documents/PROJEK/Weny-mhs/vendor/codeigniter4/framework/system/CodeIgniter.php(326): CodeIgniter\CodeIgniter->handleRequest()
#10 /home/nofrisdan/Documents/PROJEK/Weny-mhs/public/index.php(37): CodeIgniter\CodeIgniter->run()
#11 /home/nofrisdan/Documents/PROJEK/Weny-mhs/vendor/codeigniter4/framework/system/Commands/Server/rewrite.php(43): require_once('...')
#12 {main}
CRITICAL - 2022-06-20 16:31:59 --> Trying to access array offset on value of type null
#0 /home/nofrisdan/Documents/PROJEK/Weny-mhs/app/Controllers/Admin.php(143): CodeIgniter\Debug\Exceptions->errorHandler()
#1 /home/nofrisdan/Documents/PROJEK/Weny-mhs/vendor/codeigniter4/framework/system/CodeIgniter.php(832): App\Controllers\Admin->get_data_penanganan()
#2 /home/nofrisdan/Documents/PROJEK/Weny-mhs/vendor/codeigniter4/framework/system/CodeIgniter.php(419): CodeIgniter\CodeIgniter->runController()
#3 /home/nofrisdan/Documents/PROJEK/Weny-mhs/vendor/codeigniter4/framework/system/CodeIgniter.php(326): CodeIgniter\CodeIgniter->handleRequest()
#4 /home/nofrisdan/Documents/PROJEK/Weny-mhs/public/index.php(37): CodeIgniter\CodeIgniter->run()
#5 /home/nofrisdan/Documents/PROJEK/Weny-mhs/vendor/codeigniter4/framework/system/Commands/Server/rewrite.php(43): require_once('...')
#6 {main}
