CRITICAL - 2022-04-16 01:23:51 --> Undefined property: App\Controllers\Api::$tb_result
#0 /var/www/html/Codeigniter/dhaniTA/app/Controllers/Api.php(202): CodeIgniter\Debug\Exceptions->errorHandler()
#1 /var/www/html/Codeigniter/dhaniTA/vendor/codeigniter4/framework/system/CodeIgniter.php(832): App\Controllers\Api->get_analisis()
#2 /var/www/html/Codeigniter/dhaniTA/vendor/codeigniter4/framework/system/CodeIgniter.php(419): CodeIgniter\CodeIgniter->runController()
#3 /var/www/html/Codeigniter/dhaniTA/vendor/codeigniter4/framework/system/CodeIgniter.php(326): CodeIgniter\CodeIgniter->handleRequest()
#4 /var/www/html/Codeigniter/dhaniTA/public/index.php(37): CodeIgniter\CodeIgniter->run()
#5 /var/www/html/Codeigniter/dhaniTA/vendor/codeigniter4/framework/system/Commands/Server/rewrite.php(43): require_once('/var/www/html/C...')
#6 {main}
CRITICAL - 2022-04-16 01:26:51 --> Undefined property: App\Controllers\Api::$tb_result
#0 /var/www/html/Codeigniter/dhaniTA/app/Controllers/Api.php(203): CodeIgniter\Debug\Exceptions->errorHandler()
#1 /var/www/html/Codeigniter/dhaniTA/vendor/codeigniter4/framework/system/CodeIgniter.php(832): App\Controllers\Api->get_analisis()
#2 /var/www/html/Codeigniter/dhaniTA/vendor/codeigniter4/framework/system/CodeIgniter.php(419): CodeIgniter\CodeIgniter->runController()
#3 /var/www/html/Codeigniter/dhaniTA/vendor/codeigniter4/framework/system/CodeIgniter.php(326): CodeIgniter\CodeIgniter->handleRequest()
#4 /var/www/html/Codeigniter/dhaniTA/public/index.php(37): CodeIgniter\CodeIgniter->run()
#5 /var/www/html/Codeigniter/dhaniTA/vendor/codeigniter4/framework/system/Commands/Server/rewrite.php(43): require_once('/var/www/html/C...')
#6 {main}
CRITICAL - 2022-04-16 01:27:06 --> Undefined property: App\Controllers\Api::$tb_result
#0 /var/www/html/Codeigniter/dhaniTA/app/Controllers/Api.php(203): CodeIgniter\Debug\Exceptions->errorHandler()
#1 /var/www/html/Codeigniter/dhaniTA/vendor/codeigniter4/framework/system/CodeIgniter.php(832): App\Controllers\Api->get_analisis()
#2 /var/www/html/Codeigniter/dhaniTA/vendor/codeigniter4/framework/system/CodeIgniter.php(419): CodeIgniter\CodeIgniter->runController()
#3 /var/www/html/Codeigniter/dhaniTA/vendor/codeigniter4/framework/system/CodeIgniter.php(326): CodeIgniter\CodeIgniter->handleRequest()
#4 /var/www/html/Codeigniter/dhaniTA/public/index.php(37): CodeIgniter\CodeIgniter->run()
#5 /var/www/html/Codeigniter/dhaniTA/vendor/codeigniter4/framework/system/Commands/Server/rewrite.php(43): require_once('/var/www/html/C...')
#6 {main}
CRITICAL - 2022-04-16 01:42:44 --> Too few arguments to function App\Controllers\Admin::Hasil_analisis(), 0 passed in /var/www/html/Codeigniter/dhaniTA/vendor/codeigniter4/framework/system/CodeIgniter.php on line 832 and exactly 1 expected
#0 /var/www/html/Codeigniter/dhaniTA/vendor/codeigniter4/framework/system/CodeIgniter.php(832): App\Controllers\Admin->Hasil_analisis()
#1 /var/www/html/Codeigniter/dhaniTA/vendor/codeigniter4/framework/system/CodeIgniter.php(419): CodeIgniter\CodeIgniter->runController()
#2 /var/www/html/Codeigniter/dhaniTA/vendor/codeigniter4/framework/system/CodeIgniter.php(326): CodeIgniter\CodeIgniter->handleRequest()
#3 /var/www/html/Codeigniter/dhaniTA/public/index.php(37): CodeIgniter\CodeIgniter->run()
#4 /var/www/html/Codeigniter/dhaniTA/vendor/codeigniter4/framework/system/Commands/Server/rewrite.php(43): require_once('/var/www/html/C...')
#5 {main}
CRITICAL - 2022-04-16 01:54:28 --> Invalid file: Layout/layouts.php
#0 /var/www/html/Codeigniter/dhaniTA/vendor/codeigniter4/framework/system/View/View.php(198): CodeIgniter\Exceptions\FrameworkException::forInvalidFile()
#1 /var/www/html/Codeigniter/dhaniTA/vendor/codeigniter4/framework/system/View/View.php(226): CodeIgniter\View\View->render()
#2 /var/www/html/Codeigniter/dhaniTA/vendor/codeigniter4/framework/system/Common.php(1089): CodeIgniter\View\View->render()
#3 /var/www/html/Codeigniter/dhaniTA/app/Controllers/Admin.php(379): view()
#4 /var/www/html/Codeigniter/dhaniTA/vendor/codeigniter4/framework/system/CodeIgniter.php(832): App\Controllers\Admin->Hasil_analisis()
#5 /var/www/html/Codeigniter/dhaniTA/vendor/codeigniter4/framework/system/CodeIgniter.php(419): CodeIgniter\CodeIgniter->runController()
#6 /var/www/html/Codeigniter/dhaniTA/vendor/codeigniter4/framework/system/CodeIgniter.php(326): CodeIgniter\CodeIgniter->handleRequest()
#7 /var/www/html/Codeigniter/dhaniTA/public/index.php(37): CodeIgniter\CodeIgniter->run()
#8 /var/www/html/Codeigniter/dhaniTA/vendor/codeigniter4/framework/system/Commands/Server/rewrite.php(43): require_once('/var/www/html/C...')
#9 {main}
CRITICAL - 2022-04-16 01:54:56 --> Invalid file: AdminLink/1.php
#0 /var/www/html/Codeigniter/dhaniTA/vendor/codeigniter4/framework/system/View/View.php(198): CodeIgniter\Exceptions\FrameworkException::forInvalidFile()
#1 /var/www/html/Codeigniter/dhaniTA/vendor/codeigniter4/framework/system/View/View.php(424): CodeIgniter\View\View->render()
#2 /var/www/html/Codeigniter/dhaniTA/app/Views/Layout/Admin_layout.php(13): CodeIgniter\View\View->include()
#3 /var/www/html/Codeigniter/dhaniTA/vendor/codeigniter4/framework/system/View/View.php(210): include('/var/www/html/C...')
#4 /var/www/html/Codeigniter/dhaniTA/vendor/codeigniter4/framework/system/View/View.php(213): CodeIgniter\View\View->CodeIgniter\View\{closure}()
#5 /var/www/html/Codeigniter/dhaniTA/vendor/codeigniter4/framework/system/View/View.php(226): CodeIgniter\View\View->render()
#6 /var/www/html/Codeigniter/dhaniTA/vendor/codeigniter4/framework/system/Common.php(1089): CodeIgniter\View\View->render()
#7 /var/www/html/Codeigniter/dhaniTA/app/Controllers/Admin.php(379): view()
#8 /var/www/html/Codeigniter/dhaniTA/vendor/codeigniter4/framework/system/CodeIgniter.php(832): App\Controllers\Admin->Hasil_analisis()
#9 /var/www/html/Codeigniter/dhaniTA/vendor/codeigniter4/framework/system/CodeIgniter.php(419): CodeIgniter\CodeIgniter->runController()
#10 /var/www/html/Codeigniter/dhaniTA/vendor/codeigniter4/framework/system/CodeIgniter.php(326): CodeIgniter\CodeIgniter->handleRequest()
#11 /var/www/html/Codeigniter/dhaniTA/public/index.php(37): CodeIgniter\CodeIgniter->run()
#12 /var/www/html/Codeigniter/dhaniTA/vendor/codeigniter4/framework/system/Commands/Server/rewrite.php(43): require_once('/var/www/html/C...')
#13 {main}
CRITICAL - 2022-04-16 02:58:12 --> Undefined index: sig
#0 /var/www/html/Codeigniter/dhaniTA/app/Views/Admin/analisis/hasil_analisis.php(101): CodeIgniter\Debug\Exceptions->errorHandler()
#1 /var/www/html/Codeigniter/dhaniTA/vendor/codeigniter4/framework/system/View/View.php(210): include('/var/www/html/C...')
#2 /var/www/html/Codeigniter/dhaniTA/vendor/codeigniter4/framework/system/View/View.php(213): CodeIgniter\View\View->CodeIgniter\View\{closure}()
#3 /var/www/html/Codeigniter/dhaniTA/vendor/codeigniter4/framework/system/Common.php(1089): CodeIgniter\View\View->render()
#4 /var/www/html/Codeigniter/dhaniTA/app/Controllers/Admin.php(379): view()
#5 /var/www/html/Codeigniter/dhaniTA/vendor/codeigniter4/framework/system/CodeIgniter.php(832): App\Controllers\Admin->Hasil_analisis()
#6 /var/www/html/Codeigniter/dhaniTA/vendor/codeigniter4/framework/system/CodeIgniter.php(419): CodeIgniter\CodeIgniter->runController()
#7 /var/www/html/Codeigniter/dhaniTA/vendor/codeigniter4/framework/system/CodeIgniter.php(326): CodeIgniter\CodeIgniter->handleRequest()
#8 /var/www/html/Codeigniter/dhaniTA/public/index.php(37): CodeIgniter\CodeIgniter->run()
#9 /var/www/html/Codeigniter/dhaniTA/vendor/codeigniter4/framework/system/Commands/Server/rewrite.php(43): require_once('/var/www/html/C...')
#10 {main}
CRITICAL - 2022-04-16 14:39:07 --> Undefined index: total
#0 /var/www/html/Codeigniter/dhaniTA/app/Views/Admin/analisis/hasil_analisis.php(178): CodeIgniter\Debug\Exceptions->errorHandler()
#1 /var/www/html/Codeigniter/dhaniTA/vendor/codeigniter4/framework/system/View/View.php(210): include('/var/www/html/C...')
#2 /var/www/html/Codeigniter/dhaniTA/vendor/codeigniter4/framework/system/View/View.php(213): CodeIgniter\View\View->CodeIgniter\View\{closure}()
#3 /var/www/html/Codeigniter/dhaniTA/vendor/codeigniter4/framework/system/Common.php(1089): CodeIgniter\View\View->render()
#4 /var/www/html/Codeigniter/dhaniTA/app/Controllers/Admin.php(380): view()
#5 /var/www/html/Codeigniter/dhaniTA/vendor/codeigniter4/framework/system/CodeIgniter.php(832): App\Controllers\Admin->Hasil_analisis()
#6 /var/www/html/Codeigniter/dhaniTA/vendor/codeigniter4/framework/system/CodeIgniter.php(419): CodeIgniter\CodeIgniter->runController()
#7 /var/www/html/Codeigniter/dhaniTA/vendor/codeigniter4/framework/system/CodeIgniter.php(326): CodeIgniter\CodeIgniter->handleRequest()
#8 /var/www/html/Codeigniter/dhaniTA/public/index.php(37): CodeIgniter\CodeIgniter->run()
#9 /var/www/html/Codeigniter/dhaniTA/vendor/codeigniter4/framework/system/Commands/Server/rewrite.php(43): require_once('/var/www/html/C...')
#10 {main}
