ERROR - 2022-04-15 00:25:36 --> You have an error in your SQL syntax; check the manual that corresponds to your MariaDB server version for the right syntax to use near ')' at line 3
ERROR - 2022-04-15 00:46:32 --> You have an error in your SQL syntax; check the manual that corresponds to your MariaDB server version for the right syntax to use near ')' at line 3
ERROR - 2022-04-15 00:47:25 --> You have an error in your SQL syntax; check the manual that corresponds to your MariaDB server version for the right syntax to use near ')' at line 3
ERROR - 2022-04-15 00:47:59 --> You have an error in your SQL syntax; check the manual that corresponds to your MariaDB server version for the right syntax to use near ')' at line 3
ERROR - 2022-04-15 00:48:33 --> You have an error in your SQL syntax; check the manual that corresponds to your MariaDB server version for the right syntax to use near ')' at line 3
ERROR - 2022-04-15 00:52:59 --> You have an error in your SQL syntax; check the manual that corresponds to your MariaDB server version for the right syntax to use near ')' at line 3
ERROR - 2022-04-15 17:11:38 --> You have an error in your SQL syntax; check the manual that corresponds to your MariaDB server version for the right syntax to use near ')' at line 3
CRITICAL - 2022-04-15 19:41:28 --> The behavior of unparenthesized expressions containing both '.' and '+'/'-' will change in PHP 8: '+'/'-' will take a higher precedence
#0 /var/www/html/Codeigniter/dhaniTA/vendor/codeigniter4/framework/system/Router/Router.php(518): CodeIgniter\Debug\Exceptions->errorHandler()
#1 /var/www/html/Codeigniter/dhaniTA/vendor/codeigniter4/framework/system/Router/Router.php(518): include_once()
#2 /var/www/html/Codeigniter/dhaniTA/vendor/codeigniter4/framework/system/Router/Router.php(175): CodeIgniter\Router\Router->autoRoute()
#3 /var/www/html/Codeigniter/dhaniTA/vendor/codeigniter4/framework/system/CodeIgniter.php(726): CodeIgniter\Router\Router->handle()
#4 /var/www/html/Codeigniter/dhaniTA/vendor/codeigniter4/framework/system/CodeIgniter.php(368): CodeIgniter\CodeIgniter->tryToRouteIt()
#5 /var/www/html/Codeigniter/dhaniTA/vendor/codeigniter4/framework/system/CodeIgniter.php(326): CodeIgniter\CodeIgniter->handleRequest()
#6 /var/www/html/Codeigniter/dhaniTA/public/index.php(37): CodeIgniter\CodeIgniter->run()
#7 /var/www/html/Codeigniter/dhaniTA/vendor/codeigniter4/framework/system/Commands/Server/rewrite.php(43): require_once('/var/www/html/C...')
#8 {main}
CRITICAL - 2022-04-15 20:47:07 --> Cannot redeclare copy()
#0 [internal function]: CodeIgniter\Debug\Exceptions->shutdownHandler()
#1 {main}
CRITICAL - 2022-04-15 20:47:37 --> count(): Parameter must be an array or an object that implements Countable
#0 /var/www/html/Codeigniter/dhaniTA/app/Helpers/Admin_helper.php(31): CodeIgniter\Debug\Exceptions->errorHandler()
#1 /var/www/html/Codeigniter/dhaniTA/app/Controllers/Admin.php(347): getDeskriptif()
#2 /var/www/html/Codeigniter/dhaniTA/vendor/codeigniter4/framework/system/CodeIgniter.php(832): App\Controllers\Admin->tes_analisis()
#3 /var/www/html/Codeigniter/dhaniTA/vendor/codeigniter4/framework/system/CodeIgniter.php(419): CodeIgniter\CodeIgniter->runController()
#4 /var/www/html/Codeigniter/dhaniTA/vendor/codeigniter4/framework/system/CodeIgniter.php(326): CodeIgniter\CodeIgniter->handleRequest()
#5 /var/www/html/Codeigniter/dhaniTA/public/index.php(37): CodeIgniter\CodeIgniter->run()
#6 /var/www/html/Codeigniter/dhaniTA/vendor/codeigniter4/framework/system/Commands/Server/rewrite.php(43): require_once('/var/www/html/C...')
#7 {main}
