CRITICAL - 2022-06-19 12:51:36 --> Invalid file: Static_page/header.php
#0 /home/nofrisdan/Documents/PROJEK/Weny-mhs/vendor/codeigniter4/framework/system/View/View.php(198): CodeIgniter\Exceptions\FrameworkException::forInvalidFile()
#1 /home/nofrisdan/Documents/PROJEK/Weny-mhs/vendor/codeigniter4/framework/system/View/View.php(424): CodeIgniter\View\View->render()
#2 /home/nofrisdan/Documents/PROJEK/Weny-mhs/app/Views/Layout/Layouts.php(28): CodeIgniter\View\View->include()
#3 /home/nofrisdan/Documents/PROJEK/Weny-mhs/vendor/codeigniter4/framework/system/View/View.php(210): include('...')
#4 /home/nofrisdan/Documents/PROJEK/Weny-mhs/vendor/codeigniter4/framework/system/View/View.php(213): CodeIgniter\View\View->CodeIgniter\View\{closure}()
#5 /home/nofrisdan/Documents/PROJEK/Weny-mhs/vendor/codeigniter4/framework/system/View/View.php(226): CodeIgniter\View\View->render()
#6 /home/nofrisdan/Documents/PROJEK/Weny-mhs/vendor/codeigniter4/framework/system/Common.php(1089): CodeIgniter\View\View->render()
#7 /home/nofrisdan/Documents/PROJEK/Weny-mhs/app/Controllers/Admin.php(20): view()
#8 /home/nofrisdan/Documents/PROJEK/Weny-mhs/vendor/codeigniter4/framework/system/CodeIgniter.php(832): App\Controllers\Admin->index()
#9 /home/nofrisdan/Documents/PROJEK/Weny-mhs/vendor/codeigniter4/framework/system/CodeIgniter.php(419): CodeIgniter\CodeIgniter->runController()
#10 /home/nofrisdan/Documents/PROJEK/Weny-mhs/vendor/codeigniter4/framework/system/CodeIgniter.php(326): CodeIgniter\CodeIgniter->handleRequest()
#11 /home/nofrisdan/Documents/PROJEK/Weny-mhs/public/index.php(37): CodeIgniter\CodeIgniter->run()
#12 /home/nofrisdan/Documents/PROJEK/Weny-mhs/vendor/codeigniter4/framework/system/Commands/Server/rewrite.php(43): require_once('...')
#13 {main}
CRITICAL - 2022-06-19 12:52:25 --> Invalid file: Static_page/header.php
#0 /home/nofrisdan/Documents/PROJEK/Weny-mhs/vendor/codeigniter4/framework/system/View/View.php(198): CodeIgniter\Exceptions\FrameworkException::forInvalidFile()
#1 /home/nofrisdan/Documents/PROJEK/Weny-mhs/vendor/codeigniter4/framework/system/View/View.php(424): CodeIgniter\View\View->render()
#2 /home/nofrisdan/Documents/PROJEK/Weny-mhs/app/Views/Layout/Layouts.php(28): CodeIgniter\View\View->include()
#3 /home/nofrisdan/Documents/PROJEK/Weny-mhs/vendor/codeigniter4/framework/system/View/View.php(210): include('...')
#4 /home/nofrisdan/Documents/PROJEK/Weny-mhs/vendor/codeigniter4/framework/system/View/View.php(213): CodeIgniter\View\View->CodeIgniter\View\{closure}()
#5 /home/nofrisdan/Documents/PROJEK/Weny-mhs/vendor/codeigniter4/framework/system/View/View.php(226): CodeIgniter\View\View->render()
#6 /home/nofrisdan/Documents/PROJEK/Weny-mhs/vendor/codeigniter4/framework/system/Common.php(1089): CodeIgniter\View\View->render()
#7 /home/nofrisdan/Documents/PROJEK/Weny-mhs/app/Controllers/Admin.php(20): view()
#8 /home/nofrisdan/Documents/PROJEK/Weny-mhs/vendor/codeigniter4/framework/system/CodeIgniter.php(832): App\Controllers\Admin->index()
#9 /home/nofrisdan/Documents/PROJEK/Weny-mhs/vendor/codeigniter4/framework/system/CodeIgniter.php(419): CodeIgniter\CodeIgniter->runController()
#10 /home/nofrisdan/Documents/PROJEK/Weny-mhs/vendor/codeigniter4/framework/system/CodeIgniter.php(326): CodeIgniter\CodeIgniter->handleRequest()
#11 /home/nofrisdan/Documents/PROJEK/Weny-mhs/public/index.php(37): CodeIgniter\CodeIgniter->run()
#12 /home/nofrisdan/Documents/PROJEK/Weny-mhs/vendor/codeigniter4/framework/system/Commands/Server/rewrite.php(43): require_once('...')
#13 {main}
CRITICAL - 2022-06-19 12:52:27 --> Invalid file: Static_page/header.php
#0 /home/nofrisdan/Documents/PROJEK/Weny-mhs/vendor/codeigniter4/framework/system/View/View.php(198): CodeIgniter\Exceptions\FrameworkException::forInvalidFile()
#1 /home/nofrisdan/Documents/PROJEK/Weny-mhs/vendor/codeigniter4/framework/system/View/View.php(424): CodeIgniter\View\View->render()
#2 /home/nofrisdan/Documents/PROJEK/Weny-mhs/app/Views/Layout/Layouts.php(28): CodeIgniter\View\View->include()
#3 /home/nofrisdan/Documents/PROJEK/Weny-mhs/vendor/codeigniter4/framework/system/View/View.php(210): include('...')
#4 /home/nofrisdan/Documents/PROJEK/Weny-mhs/vendor/codeigniter4/framework/system/View/View.php(213): CodeIgniter\View\View->CodeIgniter\View\{closure}()
#5 /home/nofrisdan/Documents/PROJEK/Weny-mhs/vendor/codeigniter4/framework/system/View/View.php(226): CodeIgniter\View\View->render()
#6 /home/nofrisdan/Documents/PROJEK/Weny-mhs/vendor/codeigniter4/framework/system/Common.php(1089): CodeIgniter\View\View->render()
#7 /home/nofrisdan/Documents/PROJEK/Weny-mhs/app/Controllers/Admin.php(20): view()
#8 /home/nofrisdan/Documents/PROJEK/Weny-mhs/vendor/codeigniter4/framework/system/CodeIgniter.php(832): App\Controllers\Admin->index()
#9 /home/nofrisdan/Documents/PROJEK/Weny-mhs/vendor/codeigniter4/framework/system/CodeIgniter.php(419): CodeIgniter\CodeIgniter->runController()
#10 /home/nofrisdan/Documents/PROJEK/Weny-mhs/vendor/codeigniter4/framework/system/CodeIgniter.php(326): CodeIgniter\CodeIgniter->handleRequest()
#11 /home/nofrisdan/Documents/PROJEK/Weny-mhs/public/index.php(37): CodeIgniter\CodeIgniter->run()
#12 /home/nofrisdan/Documents/PROJEK/Weny-mhs/vendor/codeigniter4/framework/system/Commands/Server/rewrite.php(43): require_once('...')
#13 {main}
CRITICAL - 2022-06-19 12:54:14 --> Invalid file: Static_page/header.php
#0 /home/nofrisdan/Documents/PROJEK/Weny-mhs/vendor/codeigniter4/framework/system/View/View.php(198): CodeIgniter\Exceptions\FrameworkException::forInvalidFile()
#1 /home/nofrisdan/Documents/PROJEK/Weny-mhs/vendor/codeigniter4/framework/system/View/View.php(424): CodeIgniter\View\View->render()
#2 /home/nofrisdan/Documents/PROJEK/Weny-mhs/app/Views/Layout/Layouts.php(28): CodeIgniter\View\View->include()
#3 /home/nofrisdan/Documents/PROJEK/Weny-mhs/vendor/codeigniter4/framework/system/View/View.php(210): include('...')
#4 /home/nofrisdan/Documents/PROJEK/Weny-mhs/vendor/codeigniter4/framework/system/View/View.php(213): CodeIgniter\View\View->CodeIgniter\View\{closure}()
#5 /home/nofrisdan/Documents/PROJEK/Weny-mhs/vendor/codeigniter4/framework/system/View/View.php(226): CodeIgniter\View\View->render()
#6 /home/nofrisdan/Documents/PROJEK/Weny-mhs/vendor/codeigniter4/framework/system/Common.php(1089): CodeIgniter\View\View->render()
#7 /home/nofrisdan/Documents/PROJEK/Weny-mhs/app/Controllers/Admin.php(20): view()
#8 /home/nofrisdan/Documents/PROJEK/Weny-mhs/vendor/codeigniter4/framework/system/CodeIgniter.php(832): App\Controllers\Admin->index()
#9 /home/nofrisdan/Documents/PROJEK/Weny-mhs/vendor/codeigniter4/framework/system/CodeIgniter.php(419): CodeIgniter\CodeIgniter->runController()
#10 /home/nofrisdan/Documents/PROJEK/Weny-mhs/vendor/codeigniter4/framework/system/CodeIgniter.php(326): CodeIgniter\CodeIgniter->handleRequest()
#11 /home/nofrisdan/Documents/PROJEK/Weny-mhs/public/index.php(37): CodeIgniter\CodeIgniter->run()
#12 /home/nofrisdan/Documents/PROJEK/Weny-mhs/vendor/codeigniter4/framework/system/Commands/Server/rewrite.php(43): require_once('...')
#13 {main}
CRITICAL - 2022-06-19 12:54:33 --> Invalid file: Static_page/header.php
#0 /home/nofrisdan/Documents/PROJEK/Weny-mhs/vendor/codeigniter4/framework/system/View/View.php(198): CodeIgniter\Exceptions\FrameworkException::forInvalidFile()
#1 /home/nofrisdan/Documents/PROJEK/Weny-mhs/vendor/codeigniter4/framework/system/View/View.php(424): CodeIgniter\View\View->render()
#2 /home/nofrisdan/Documents/PROJEK/Weny-mhs/app/Views/Layout/Layouts.php(28): CodeIgniter\View\View->include()
#3 /home/nofrisdan/Documents/PROJEK/Weny-mhs/vendor/codeigniter4/framework/system/View/View.php(210): include('...')
#4 /home/nofrisdan/Documents/PROJEK/Weny-mhs/vendor/codeigniter4/framework/system/View/View.php(213): CodeIgniter\View\View->CodeIgniter\View\{closure}()
#5 /home/nofrisdan/Documents/PROJEK/Weny-mhs/vendor/codeigniter4/framework/system/View/View.php(226): CodeIgniter\View\View->render()
#6 /home/nofrisdan/Documents/PROJEK/Weny-mhs/vendor/codeigniter4/framework/system/Common.php(1089): CodeIgniter\View\View->render()
#7 /home/nofrisdan/Documents/PROJEK/Weny-mhs/app/Controllers/Admin.php(20): view()
#8 /home/nofrisdan/Documents/PROJEK/Weny-mhs/vendor/codeigniter4/framework/system/CodeIgniter.php(832): App\Controllers\Admin->index()
#9 /home/nofrisdan/Documents/PROJEK/Weny-mhs/vendor/codeigniter4/framework/system/CodeIgniter.php(419): CodeIgniter\CodeIgniter->runController()
#10 /home/nofrisdan/Documents/PROJEK/Weny-mhs/vendor/codeigniter4/framework/system/CodeIgniter.php(326): CodeIgniter\CodeIgniter->handleRequest()
#11 /home/nofrisdan/Documents/PROJEK/Weny-mhs/public/index.php(37): CodeIgniter\CodeIgniter->run()
#12 /home/nofrisdan/Documents/PROJEK/Weny-mhs/vendor/codeigniter4/framework/system/Commands/Server/rewrite.php(43): require_once('...')
#13 {main}
